SF:lib\country\ca\ca_logic.dart
DA:14,1
DA:22,0
DA:23,0
DA:25,1
DA:34,1
DA:35,2
DA:36,3
DA:39,1
DA:40,2
DA:42,2
DA:43,3
DA:44,4
DA:47,1
DA:48,2
DA:49,3
DA:50,2
DA:52,1
LF:17
LH:15
end_of_record
SF:lib\country\au\au_logic.dart
DA:12,1
DA:19,0
DA:21,1
DA:30,1
DA:31,3
DA:32,2
DA:35,1
DA:36,0
DA:38,2
DA:39,3
DA:40,1
DA:41,5
DA:44,4
DA:45,2
DA:47,1
LF:15
LH:13
end_of_record
SF:lib\country\us\us_logic.dart
DA:6,0
DA:8,0
DA:9,0
DA:10,0
DA:11,0
DA:15,1
DA:17,2
DA:18,2
DA:19,1
DA:20,1
DA:33,1
DA:41,1
DA:51,3
DA:52,2
DA:53,4
DA:54,1
DA:57,1
DA:58,0
DA:60,2
DA:61,3
DA:62,4
DA:65,3
DA:66,4
DA:68,1
LF:24
LH:18
end_of_record
SF:lib\country\ca\ca_taxes.dart
DA:6,1
DA:9,6
DA:10,0
DA:29,1
DA:30,4
LF:5
LH:4
end_of_record
